<?xml version="1.0" encoding="UTF-8"?>
<testsuite xmlns:xsi="http://www.w3.org/2001/XMLSchema-instance" xsi:noNamespaceSchemaLocation="https://maven.apache.org/surefire/maven-surefire-plugin/xsd/surefire-test-report-3.0.xsd" version="3.0" name="BtaTest" time="24.214" tests="1" errors="0" skipped="0" failures="0">
  <properties>
[...]
</properties>
  <testcase name="insurancePolicyTest" classname="BtaTest" time="23.806">
    <system-err><![CDATA[[main] INFO io.github.bonigarcia.wdm.WebDriverManager - Using chromedriver 100.0.4896.60 (resolved driver for Chrome 100)
[main] INFO io.github.bonigarcia.wdm.WebDriverManager - Exporting webdriver.chrome.driver as /Users/vitamambetova/.cache/selenium/chromedriver/mac64/100.0.4896.60/chromedriver
[main] INFO com.codeborne.selenide.impl.WebDriverThreadLocalContainer - No webdriver is bound to current thread: 1 - let's create a new webdriver
[main] INFO com.codeborne.selenide.impl.FileHelper - Creating folder: /Users/vitamambetova/IdeaProjects/BTA/build/downloads/1649008226624_30588_1
Starting ChromeDriver 100.0.4896.60 (6a5d10861ce8de5fce22564658033b43cb7de047-refs/branch-heads/4896@{#875}) on port 48652
Only local connections are allowed.
Please see https://chromedriver.chromium.org/security-considerations for suggestions on keeping ChromeDriver safe.
ChromeDriver was started successfully.
Apr 03, 2022 8:50:33 PM org.openqa.selenium.remote.ProtocolHandshake createSession
INFO: Detected dialect: W3C
[main] INFO com.codeborne.selenide.webdriver.BrowserResizer - Set browser size to 1920x1080
[main] INFO com.codeborne.selenide.webdriver.WebDriverFactory - BrowserName=chrome Version=100.0.4896.60 Platform=MAC
[main] INFO com.codeborne.selenide.webdriver.WebDriverFactory - Selenide v. 5.20.3
[main] INFO com.codeborne.selenide.webdriver.WebDriverFactory - Selenium WebDriver v. 3.141.59 build time: 2018-11-14T08:17:03
[main] INFO com.codeborne.selenide.drivercommands.CreateDriverCommand - Create webdriver in current thread 1: ChromeDriver -> ChromeDriver: chrome on MAC (693ab39f28ad10b1a541f1e7b80c949f)
[main] INFO BtaTest - Atvērt BTA portālu un pārvietoties uz ceļojuma polišu iegādes formu
[main] INFO BtaTest - Nomainīt ceļojumā mērķi uz Indija izmantojot “Izvēlies valstis un Pārbaudīt vai ceļojuma mērķis ir nomainīts
[main] INFO BtaTest - Nomainīt  aktivitāti uz “Sports” Pārbaudīt vai aktivitāte nomainīta
[main] INFO BtaTest - Pārvietoties uz otro soli
[main] INFO BtaTest - Izvēlēties Optimal un Atvērt ”Apskati, kas ir apdrošināts” izvēlētajai programmai, kā arī pārbaudīt vai uzlecošā forma ir atvērusies
[main] INFO BtaTest - Aizvērt, pārvietoties uz nākamo soli un pārbaudīt vai ceļotāja lauki ir redzami un tie ir tukši
[main] INFO com.codeborne.selenide.drivercommands.CloseDriverCommand - Close webdriver: 1 -> ChromeDriver: chrome on MAC (693ab39f28ad10b1a541f1e7b80c949f)...
[main] INFO com.codeborne.selenide.drivercommands.CloseDriverCommand - Closed webdriver 1 in 314 ms
]]></system-err>
  </testcase>
</testsuite>